[debug] [2023-11-13T10:34:30.607Z] ----------------------------------------------------------------------
[debug] [2023-11-13T10:34:30.616Z] Command:       C:\Program Files\nodejs\node.exe C:\Users\USER\AppData\Roaming\npm\node_modules\firebase-tools\lib\bin\firebase.js init
[debug] [2023-11-13T10:34:30.617Z] CLI Version:   12.8.1
[debug] [2023-11-13T10:34:30.618Z] Platform:      win32
[debug] [2023-11-13T10:34:30.620Z] Node Version:  v18.17.1
[debug] [2023-11-13T10:34:30.624Z] Time:          Mon Nov 13 2023 16:34:30 GMT+0600 (Bangladesh Standard Time)
[debug] [2023-11-13T10:34:30.624Z] ----------------------------------------------------------------------
[debug] 
[debug] [2023-11-13T10:34:30.890Z] > command requires scopes: ["email","openid","https://www.googleapis.com/auth/cloudplatformprojects.readonly","https://www.googleapis.com/auth/firebase","https://www.googleapis.com/auth/cloud-platform"]
[debug] [2023-11-13T10:34:30.891Z] > authorizing via signed-in user (omarfaruqe758@gmail.com)
[info] 
     ######## #### ########  ######## ########     ###     ######  ########
     ##        ##  ##     ## ##       ##     ##  ##   ##  ##       ##
     ######    ##  ########  ######   ########  #########  ######  ######
     ##        ##  ##    ##  ##       ##     ## ##     ##       ## ##
     ##       #### ##     ## ######## ########  ##     ##  ######  ########

You're about to initialize a Firebase project in this directory:

  C:\Users\USER\Downloads\Assinment-11\client

Before we get started, keep in mind:

  * You are initializing within an existing Firebase project directory

[info] 
=== Project Setup
[info] 
[info] First, let's associate this project directory with a Firebase project.
[info] You can create multiple project aliases by running firebase use --add, 
[info] but for now we'll just set up a default project.
[info] 
[debug] [2023-11-13T10:35:32.197Z] Using project from CLI flag: assinment-11-63419
[debug] [2023-11-13T10:35:32.202Z] >>> [apiv2][query] GET https://firebase.googleapis.com/v1beta1/projects/assinment-11-63419 [none]
[debug] [2023-11-13T10:35:33.102Z] <<< [apiv2][status] GET https://firebase.googleapis.com/v1beta1/projects/assinment-11-63419 403
[debug] [2023-11-13T10:35:33.102Z] <<< [apiv2][body] GET https://firebase.googleapis.com/v1beta1/projects/assinment-11-63419 {"error":{"code":403,"message":"The caller does not have permission","status":"PERMISSION_DENIED"}}
[debug] [2023-11-13T10:35:33.103Z] HTTP Error: 403, The caller does not have permission
[debug] [2023-11-13T10:35:33.467Z] FirebaseError: HTTP Error: 403, The caller does not have permission
    at responseToError (C:\Users\USER\AppData\Roaming\npm\node_modules\firebase-tools\lib\responseToError.js:49:12)
    at RetryOperation._fn (C:\Users\USER\AppData\Roaming\npm\node_modules\firebase-tools\lib\apiv2.js:285:77)
    at process.processTicksAndRejections (node:internal/process/task_queues:95:5)
[error] 
[error] Error: Failed to get Firebase project assinment-11-63419. Please make sure the project exists and your account has permission to access it.
